Arguments: 
  /Users/sangheon/.nvm/versions/node/v12.14.1/bin/node /Users/sangheon/.nvm/versions/node/v12.14.1/bin/yarn add @types/js-sha1 -D

PATH: 
  /Users/sangheon/.nvm/versions/node/v12.14.1/bin:/Users/sangheon/.cargo/bin:/usr/local/bin:/usr/bin:/bin:/usr/sbin:/sbin:/usr/local/go/bin:/Library/Apple/usr/bin:/Users/sangheon/opt/anaconda3/bin:/Users/sangheon/opt/anaconda3/condabin:/Users/sangheon/.cargo/bin:/Users/sangheon/Library/Android/sdk/emulator:/Application/Visual Studio Code 2.app/Contents/Resources/app/bin:/Users/sangheon/Library/Android/sdk/emulator:/Application/Visual Studio Code 2.app/Contents/Resources/app/bin

Yarn version: 
  1.22.4

Node version: 
  12.14.1

Platform: 
  darwin x64

Trace: 
  Error: https://registry.yarnpkg.com/@types%2fjs-sha1: Not found
      at Request.params.callback [as _callback] (/Users/sangheon/.nvm/versions/node/v12.14.1/lib/node_modules/yarn/lib/cli.js:66987:18)
      at Request.self.callback (/Users/sangheon/.nvm/versions/node/v12.14.1/lib/node_modules/yarn/lib/cli.js:140748:22)
      at Request.emit (events.js:223:5)
      at Request.<anonymous> (/Users/sangheon/.nvm/versions/node/v12.14.1/lib/node_modules/yarn/lib/cli.js:141720:10)
      at Request.emit (events.js:223:5)
      at IncomingMessage.<anonymous> (/Users/sangheon/.nvm/versions/node/v12.14.1/lib/node_modules/yarn/lib/cli.js:141642:12)
      at Object.onceWrapper (events.js:312:28)
      at IncomingMessage.emit (events.js:228:7)
      at endReadableNT (_stream_readable.js:1185:12)
      at processTicksAndRejections (internal/process/task_queues.js:81:21)

npm manifest: 
  {
    "name": "hash-table",
    "version": "1.0.0",
    "description": "안녕하세요. 프론트엔드 개발자 김상헌입니다. 오늘은 자바스크립트(타입스크립트)를 가지고 이해해보는 자료구조 두번째로 해쉬테이블에 대해서 배워봅시다.",
    "main": "index.js",
    "scripts": {
      "test": "echo \"Error: no test specified\" && exit 1"
    },
    "keywords": [],
    "author": "",
    "license": "ISC",
    "dependencies": {
      "js-sha1": "^0.6.0"
    }
  }

yarn manifest: 
  No manifest

Lockfile: 
  # THIS IS AN AUTOGENERATED FILE. DO NOT EDIT THIS FILE DIRECTLY.
  # yarn lockfile v1
  
  
  js-sha1@^0.6.0:
    version "0.6.0"
    resolved "https://registry.yarnpkg.com/js-sha1/-/js-sha1-0.6.0.tgz#adbee10f0e8e18aa07cdea807cf08e9183dbc7f9"
    integrity sha512-01gwBFreYydzmU9BmZxpVk6svJJHrVxEN3IOiGl6VO93bVKYETJ0sIth6DASI6mIFdt7NmfX9UiByRzsYHGU9w==
